<?xml version="1.0" encoding="UTF-8"?>
<!-- Generated by org.testng.reporters.JUnitXMLReporter -->
<testsuite ignored="0" hostname="NISHANTH" failures="0" tests="1" name="Default test" time="0.014" errors="0" timestamp="24 Oct 2020 07:17:10 GMT">
  <testcase classname="com.way2a.base.TestBase" name="@BeforeSuite setUp" time="14.793">
    <failure type="org.openqa.selenium.SessionNotCreatedException" message="session not created
from chrome not reachable
  (Session info: chrome=86.0.4240.111)
Build info: version: &amp;apos;3.141.59&amp;apos;, revision: &amp;apos;e82be7d358&amp;apos;, time: &amp;apos;2018-11-14T08:17:03&amp;apos;
System info: host: &amp;apos;NISHANTH&amp;apos;, ip: &amp;apos;192.168.0.106&amp;apos;, os.name: &amp;apos;Windows 10&amp;apos;, os.arch: &amp;apos;amd64&amp;apos;, os.version: &amp;apos;10.0&amp;apos;, java.version: &amp;apos;13.0.2&amp;apos;
Driver info: driver.version: ChromeDriver
remote stacktrace: Backtrace:
	Ordinal0 [0x003EC013+3194899]
	Ordinal0 [0x002D6021+2056225]
	Ordinal0 [0x0016F4B0+586928]
	Ordinal0 [0x00165894+546964]
	Ordinal0 [0x00165F2C+548652]
	Ordinal0 [0x00167175+553333]
	Ordinal0 [0x0016241E+533534]
	Ordinal0 [0x00170620+591392]
	Ordinal0 [0x00112A0C+207372]
	Ordinal0 [0x00111D0D+204045]
	Ordinal0 [0x0010FC1B+195611]
	Ordinal0 [0x000F3B7F+80767]
	Ordinal0 [0x000F4B4E+84814]
	Ordinal0 [0x000F4AD9+84697]
	Ordinal0 [0x002ECE64+2149988]
	GetHandleVerifier [0x0055BE95+1400773]
	GetHandleVerifier [0x0055BB61+1399953]
	GetHandleVerifier [0x005631FA+1430314]
	GetHandleVerifier [0x0055C69F+1402831]
	Ordinal0 [0x002E3D61+2112865]
	Ordinal0 [0x002EE5CB+2155979]
	Ordinal0 [0x002EE6F5+2156277]
	Ordinal0 [0x002FF26E+2224750]
	BaseThreadInitThunk [0x76B3FA29+25]
	RtlGetAppContainerNamedObjectPath [0x77B775F4+228]
	RtlGetAppContainerNamedObjectPath [0x77B775C4+180]
	(No symbol) [0x00000000]
">
      <![CDATA[org.openqa.selenium.SessionNotCreatedException: session not created
from chrome not reachable
  (Session info: chrome=86.0.4240.111)
Build info: version: '3.141.59', revision: 'e82be7d358', time: '2018-11-14T08:17:03'
System info: host: 'NISHANTH', ip: '192.168.0.106', os.name: 'Windows 10', os.arch: 'amd64', os.version: '10.0', java.version: '13.0.2'
Driver info: driver.version: ChromeDriver
remote stacktrace: Backtrace:
	Ordinal0 [0x003EC013+3194899]
	Ordinal0 [0x002D6021+2056225]
	Ordinal0 [0x0016F4B0+586928]
	Ordinal0 [0x00165894+546964]
	Ordinal0 [0x00165F2C+548652]
	Ordinal0 [0x00167175+553333]
	Ordinal0 [0x0016241E+533534]
	Ordinal0 [0x00170620+591392]
	Ordinal0 [0x00112A0C+207372]
	Ordinal0 [0x00111D0D+204045]
	Ordinal0 [0x0010FC1B+195611]
	Ordinal0 [0x000F3B7F+80767]
	Ordinal0 [0x000F4B4E+84814]
	Ordinal0 [0x000F4AD9+84697]
	Ordinal0 [0x002ECE64+2149988]
	GetHandleVerifier [0x0055BE95+1400773]
	GetHandleVerifier [0x0055BB61+1399953]
	GetHandleVerifier [0x005631FA+1430314]
	GetHandleVerifier [0x0055C69F+1402831]
	Ordinal0 [0x002E3D61+2112865]
	Ordinal0 [0x002EE5CB+2155979]
	Ordinal0 [0x002EE6F5+2156277]
	Ordinal0 [0x002FF26E+2224750]
	BaseThreadInitThunk [0x76B3FA29+25]
	RtlGetAppContainerNamedObjectPath [0x77B775F4+228]
	RtlGetAppContainerNamedObjectPath [0x77B775C4+180]
	(No symbol) [0x00000000]

	at java.base/jdk.internal.reflect.NativeConstructorAccessorImpl.newInstance0(Native Method)
	at java.base/jdk.internal.reflect.NativeConstructorAccessorImpl.newInstance(NativeConstructorAccessorImpl.java:62)
	at java.base/jdk.internal.reflect.DelegatingConstructorAccessorImpl.newInstance(DelegatingConstructorAccessorImpl.java:45)
	at java.base/java.lang.reflect.Constructor.newInstanceWithCaller(Constructor.java:500)
	at java.base/java.lang.reflect.Constructor.newInstance(Constructor.java:481)
	at org.openqa.selenium.remote.W3CHandshakeResponse.lambda$errorHandler$0(W3CHandshakeResponse.java:62)
	at org.openqa.selenium.remote.HandshakeResponse.lambda$getResponseFunction$0(HandshakeResponse.java:30)
	at org.openqa.selenium.remote.ProtocolHandshake.lambda$createSession$0(ProtocolHandshake.java:126)
	at java.base/java.util.stream.ReferencePipeline$3$1.accept(ReferencePipeline.java:195)
	at java.base/java.util.Spliterators$ArraySpliterator.tryAdvance(Spliterators.java:958)
	at java.base/java.util.stream.ReferencePipeline.forEachWithCancel(ReferencePipeline.java:127)
	at java.base/java.util.stream.AbstractPipeline.copyIntoWithCancel(AbstractPipeline.java:502)
	at java.base/java.util.stream.AbstractPipeline.copyInto(AbstractPipeline.java:488)
	at java.base/java.util.stream.AbstractPipeline.wrapAndCopyInto(AbstractPipeline.java:474)
	at java.base/java.util.stream.FindOps$FindOp.evaluateSequential(FindOps.java:150)
	at java.base/java.util.stream.AbstractPipeline.evaluate(AbstractPipeline.java:234)
	at java.base/java.util.stream.ReferencePipeline.findFirst(ReferencePipeline.java:543)
	at org.openqa.selenium.remote.ProtocolHandshake.createSession(ProtocolHandshake.java:128)
	at org.openqa.selenium.remote.ProtocolHandshake.createSession(ProtocolHandshake.java:74)
	at org.openqa.selenium.remote.HttpCommandExecutor.execute(HttpCommandExecutor.java:136)
	at org.openqa.selenium.remote.service.DriverCommandExecutor.execute(DriverCommandExecutor.java:83)
	at org.openqa.selenium.remote.RemoteWebDriver.execute(RemoteWebDriver.java:552)
	at org.openqa.selenium.remote.RemoteWebDriver.startSession(RemoteWebDriver.java:213)
	at org.openqa.selenium.remote.RemoteWebDriver.<init>(RemoteWebDriver.java:131)
	at org.openqa.selenium.chrome.ChromeDriver.<init>(ChromeDriver.java:181)
	at org.openqa.selenium.chrome.ChromeDriver.<init>(ChromeDriver.java:168)
	at org.openqa.selenium.chrome.ChromeDriver.<init>(ChromeDriver.java:123)
	at com.way2a.base.TestBase.setUp(TestBase.java:97)
	at java.base/jdk.internal.reflect.NativeMethodAccessorImpl.invoke0(Native Method)
	at java.base/jdk.internal.reflect.NativeMethodAccessorImpl.invoke(NativeMethodAccessorImpl.java:62)
	at java.base/jdk.internal.reflect.DelegatingMethodAccessorImpl.invoke(DelegatingMethodAccessorImpl.java:43)
	at java.base/java.lang.reflect.Method.invoke(Method.java:567)
	at org.testng.internal.MethodInvocationHelper.invokeMethod(MethodInvocationHelper.java:108)
	at org.testng.internal.Invoker.invokeConfigurationMethod(Invoker.java:523)
	at org.testng.internal.Invoker.invokeConfigurations(Invoker.java:224)
	at org.testng.internal.Invoker.invokeConfigurations(Invoker.java:146)
	at org.testng.SuiteRunner.privateRun(SuiteRunner.java:326)
	at org.testng.SuiteRunner.run(SuiteRunner.java:289)
	at org.testng.SuiteRunnerWorker.runSuite(SuiteRunnerWorker.java:52)
	at org.testng.SuiteRunnerWorker.run(SuiteRunnerWorker.java:86)
	at org.testng.TestNG.runSuitesSequentially(TestNG.java:1301)
	at org.testng.TestNG.runSuitesLocally(TestNG.java:1226)
	at org.testng.TestNG.runSuites(TestNG.java:1144)
	at org.testng.TestNG.run(TestNG.java:1115)
	at org.testng.remote.AbstractRemoteTestNG.run(AbstractRemoteTestNG.java:115)
	at org.testng.remote.RemoteTestNG.initAndRun(RemoteTestNG.java:251)
	at org.testng.remote.RemoteTestNG.main(RemoteTestNG.java:77)
]]>
    </failure>
  </testcase> <!-- @BeforeSuite setUp -->
  <testcase classname="com.way2a.testcases.BankManagerLoginTest" name="loginAsBankManager" time="0.0">
    <skipped/>
  </testcase> <!-- loginAsBankManager -->
</testsuite> <!-- Default test -->
